Using pre-set license
Built from '2021.1/staging' branch; Version is '2021.1.5f1 (3737af19df53) revision 3618735'; Using compiler version '192528614'; Build Type 'Release'
OS: 'Windows 10 Home; OS build 19045.3930; Version 2009; 64bit' Language: 'en' Physical Memory: 16333 MB
BatchMode: 1, IsHumanControllingUs: 0, StartBugReporterOnCrash: 0, Is64bit: 1, IsPro: 0

 COMMAND LINE ARGUMENTS:
C:\Program Files\Unity\Hub\Editor\2021.1.5f1\Editor\Unity.exe
-adb2
-batchMode
-noUpm
-name
AssetImportWorker0
-projectPath
M:/GameDev/KeepConquering-repo/Keep-Conquering
-logFile
Logs/AssetImportWorker0.log
-srvPort
64020
Successfully changed project path to: M:/GameDev/KeepConquering-repo/Keep-Conquering
M:/GameDev/KeepConquering-repo/Keep-Conquering
Using Asset Import Pipeline V2.
Refreshing native plugins compatible for Editor in 222.01 ms, found 2 plugins.
Preloading 0 native plugins for Editor in 0.00 ms.
Initialize engine version: 2021.1.5f1 (3737af19df53)
[Subsystems] Discovering subsystems at path C:/Program Files/Unity/Hub/Editor/2021.1.5f1/Editor/Data/Resources/UnitySubsystems
[Subsystems] Discovering subsystems at path M:/GameDev/KeepConquering-repo/Keep-Conquering/Assets
GfxDevice: creating device client; threaded=0; jobified=0
Direct3D:
    Version:  Direct3D 11.0 [level 11.1]
    Renderer: NVIDIA GeForce RTX 2060 (ID=0x1f08)
    Vendor:   NVIDIA
    VRAM:     5968 MB
    Driver:   31.0.15.3667
Shader 'Universal Render Pipeline/Particles/Lit': fallback shader 'Universal Render Pipeline/Particles/SimpleLit' not found
Initialize mono
Mono path[0] = 'C:/Program Files/Unity/Hub/Editor/2021.1.5f1/Editor/Data/Managed'
Mono path[1] = 'C:/Program Files/Unity/Hub/Editor/2021.1.5f1/Editor/Data/MonoBleedingEdge/lib/mono/unityjit'
Mono config path = 'C:/Program Files/Unity/Hub/Editor/2021.1.5f1/Editor/Data/MonoBleedingEdge/etc'
Using monoOptions --debugger-agent=transport=dt_socket,embedding=1,server=y,suspend=n,address=127.0.0.1:56428
Begin MonoManager ReloadAssembly
Registering precompiled unity dll's ...
Register platform support module: C:/Program Files/Unity/Hub/Editor/2021.1.5f1/Editor/Data/PlaybackEngines/WindowsStandaloneSupport/UnityEditor.WindowsStandalone.Extensions.dll
Registered in 0.004148 seconds.
Native extension for WindowsStandalone target not found
Refreshing native plugins compatible for Editor in 220.82 ms, found 2 plugins.
Preloading 0 native plugins for Editor in 0.00 ms.
Mono: successfully reloaded assembly
- Completed reload, in  2.110 seconds
Platform modules already initialized, skipping
Registering precompiled user dll's ...
Registered in 0.005491 seconds.
Begin MonoManager ReloadAssembly
OnLevelWasLoaded was found on Fading
This message has been deprecated and will be removed in a later version of Unity.
Add a delegate to SceneManager.sceneLoaded instead to get notifications after scene loading has completed

Native extension for WindowsStandalone target not found
Refreshing native plugins compatible for Editor in 225.92 ms, found 2 plugins.
Preloading 0 native plugins for Editor in 0.00 ms.
Mono: successfully reloaded assembly
- Completed reload, in  1.720 seconds
Platform modules already initialized, skipping
========================================================================
Worker process is ready to serve import requests
Shader 'Universal Render Pipeline/Particles/Lit': fallback shader 'Universal Render Pipeline/Particles/SimpleLit' not found
Launched and connected shader compiler UnityShaderCompiler.exe after 0.05 seconds
Refreshing native plugins compatible for Editor in 1.81 ms, found 2 plugins.
Preloading 0 native plugins for Editor in 0.00 ms.
Unloading 5031 Unused Serialized files (Serialized files now loaded: 0)
System memory in use before: 229.0 MB.
System memory in use after: 229.3 MB.

Unloading 29 unused Assets to reduce memory usage. Loaded Objects now: 5530.
Total: 3.513100 ms (FindLiveObjects: 0.442000 ms CreateObjectMapping: 0.170800 ms MarkObjects: 2.720200 ms  DeleteObjects: 0.178900 ms)

========================================================================
Received Import Request.
  path: Assets/ConquerorPrefabs/RO/Aseprite/ROBaseAnimationsWithLedgeAttack.png
  artifactKey: Guid(2206eb0544312ad4cbbce615baa122e8) Importer(815301076,1909f56bfc062723c751e8b465ee728b)
Start importing Assets/ConquerorPrefabs/RO/Aseprite/ROBaseAnimationsWithLedgeAttack.png using Guid(2206eb0544312ad4cbbce615baa122e8) Importer(815301076,1909f56bfc062723c751e8b465ee728b)  -> (artifact id: '0bbdccb2dc2eb57953f4236f043b7a79') in 0.138038 seconds 
========================================================================
Received Import Request.
  Time since last request: 1.295206 seconds.
  path: Assets/ConquerorPrefabs/RO/Aseprite/ROBaseAnimationsWithLedgeAttack.png
  artifactKey: Guid(2206eb0544312ad4cbbce615baa122e8) Importer(815301076,1909f56bfc062723c751e8b465ee728b)
Start importing Assets/ConquerorPrefabs/RO/Aseprite/ROBaseAnimationsWithLedgeAttack.png using Guid(2206eb0544312ad4cbbce615baa122e8) Importer(815301076,1909f56bfc062723c751e8b465ee728b)  -> (artifact id: '6ae02dada407b3af39a7f62ed839c58a') in 0.030934 seconds 
========================================================================
Received Import Request.
  Time since last request: 12.898488 seconds.
  path: Assets/ConquerorPrefabs/RO/Aseprite/ROBaseAnimationsWithLedgeAttack.png
  artifactKey: Guid(2206eb0544312ad4cbbce615baa122e8) Importer(815301076,1909f56bfc062723c751e8b465ee728b)
Start importing Assets/ConquerorPrefabs/RO/Aseprite/ROBaseAnimationsWithLedgeAttack.png using Guid(2206eb0544312ad4cbbce615baa122e8) Importer(815301076,1909f56bfc062723c751e8b465ee728b)  -> (artifact id: 'da55a652ddb0b5ba354e58594c79ec3b') in 0.044766 seconds 
========================================================================
Received Import Request.
  Time since last request: 39.624584 seconds.
  path: Assets/ConquerorPrefabs/RO/Aseprite/ROBaseAnimationsWithLedgeAttack.png
  artifactKey: Guid(2206eb0544312ad4cbbce615baa122e8) Importer(815301076,1909f56bfc062723c751e8b465ee728b)
Start importing Assets/ConquerorPrefabs/RO/Aseprite/ROBaseAnimationsWithLedgeAttack.png using Guid(2206eb0544312ad4cbbce615baa122e8) Importer(815301076,1909f56bfc062723c751e8b465ee728b)  -> (artifact id: 'e1e006e45bced228c01f7c7d0673fc84') in 0.597450 seconds 
========================================================================
Received Import Request.
  Time since last request: 154.382417 seconds.
  path: Assets/ConquerorPrefabs/RO/Aseprite/ROBaseAnimationsWithLedgeAttack.png
  artifactKey: Guid(2206eb0544312ad4cbbce615baa122e8) Importer(815301076,1909f56bfc062723c751e8b465ee728b)
Start importing Assets/ConquerorPrefabs/RO/Aseprite/ROBaseAnimationsWithLedgeAttack.png using Guid(2206eb0544312ad4cbbce615baa122e8) Importer(815301076,1909f56bfc062723c751e8b465ee728b)  -> (artifact id: 'a00577455d5fb751bd59dc80c85aef4a') in 0.455882 seconds 
========================================================================
Received Import Request.
  Time since last request: 107.773495 seconds.
  path: Assets/ConquerorPrefabs/RO/Aseprite/ROBaseAnimationsWithLedgeAttack.png
  artifactKey: Guid(2206eb0544312ad4cbbce615baa122e8) Importer(815301076,1909f56bfc062723c751e8b465ee728b)
Start importing Assets/ConquerorPrefabs/RO/Aseprite/ROBaseAnimationsWithLedgeAttack.png using Guid(2206eb0544312ad4cbbce615baa122e8) Importer(815301076,1909f56bfc062723c751e8b465ee728b)  -> (artifact id: '5e9e0ac9c6a7223c4284e513d9c58579') in 0.535903 seconds 
========================================================================
Received Import Request.
  Time since last request: 10.323002 seconds.
  path: Assets/ConquerorPrefabs/RO/Aseprite/ROBaseAnimationsWithLedgeAttack.png
  artifactKey: Guid(2206eb0544312ad4cbbce615baa122e8) Importer(815301076,1909f56bfc062723c751e8b465ee728b)
Start importing Assets/ConquerorPrefabs/RO/Aseprite/ROBaseAnimationsWithLedgeAttack.png using Guid(2206eb0544312ad4cbbce615baa122e8) Importer(815301076,1909f56bfc062723c751e8b465ee728b)  -> (artifact id: '34688de4ec4bbe240d5536e4ed9617e0') in 0.956587 seconds 
========================================================================
Received Import Request.
  Time since last request: 13.152467 seconds.
  path: Assets/ConquerorPrefabs/RO/Aseprite/ROBaseAnimationsWithLedgeAttack.png
  artifactKey: Guid(2206eb0544312ad4cbbce615baa122e8) Importer(815301076,1909f56bfc062723c751e8b465ee728b)
Start importing Assets/ConquerorPrefabs/RO/Aseprite/ROBaseAnimationsWithLedgeAttack.png using Guid(2206eb0544312ad4cbbce615baa122e8) Importer(815301076,1909f56bfc062723c751e8b465ee728b)  -> (artifact id: '20377498dcfd7426a60b1559c7646a75') in 0.390168 seconds 
========================================================================
Received Import Request.
  Time since last request: 13.724772 seconds.
  path: Assets/ConquerorPrefabs/RO/Aseprite/ROBaseAnimationsWithLedgeAttack.png
  artifactKey: Guid(2206eb0544312ad4cbbce615baa122e8) Importer(815301076,1909f56bfc062723c751e8b465ee728b)
Start importing Assets/ConquerorPrefabs/RO/Aseprite/ROBaseAnimationsWithLedgeAttack.png using Guid(2206eb0544312ad4cbbce615baa122e8) Importer(815301076,1909f56bfc062723c751e8b465ee728b)  -> (artifact id: '0663baa4697373b0615c280c0ea1e7b9') in 0.605032 seconds 
========================================================================
Received Import Request.
  Time since last request: 33.579063 seconds.
  path: Assets/ConquerorPrefabs/RO/Aseprite/ROBaseAnimationsWithLedgeAttack.png
  artifactKey: Guid(2206eb0544312ad4cbbce615baa122e8) Importer(815301076,1909f56bfc062723c751e8b465ee728b)
Start importing Assets/ConquerorPrefabs/RO/Aseprite/ROBaseAnimationsWithLedgeAttack.png using Guid(2206eb0544312ad4cbbce615baa122e8) Importer(815301076,1909f56bfc062723c751e8b465ee728b)  -> (artifact id: '5271aeda7f50642852187b832ade4e80') in 0.549913 seconds 
========================================================================
Received Import Request.
  Time since last request: 20.027708 seconds.
  path: Assets/ConquerorPrefabs/RO/Aseprite/ROBaseAnimationsWithLedgeAttack.png
  artifactKey: Guid(2206eb0544312ad4cbbce615baa122e8) Importer(815301076,1909f56bfc062723c751e8b465ee728b)
Start importing Assets/ConquerorPrefabs/RO/Aseprite/ROBaseAnimationsWithLedgeAttack.png using Guid(2206eb0544312ad4cbbce615baa122e8) Importer(815301076,1909f56bfc062723c751e8b465ee728b)  -> (artifact id: '777a772ab7ec6ce9a04ca89cd6e7b8bb') in 0.516170 seconds 
========================================================================
Received Import Request.
  Time since last request: 36.065911 seconds.
  path: Assets/ConquerorPrefabs/RO/Aseprite/ROBaseAnimationsWithLedgeAttack.png
  artifactKey: Guid(2206eb0544312ad4cbbce615baa122e8) Importer(815301076,1909f56bfc062723c751e8b465ee728b)
Start importing Assets/ConquerorPrefabs/RO/Aseprite/ROBaseAnimationsWithLedgeAttack.png using Guid(2206eb0544312ad4cbbce615baa122e8) Importer(815301076,1909f56bfc062723c751e8b465ee728b)  -> (artifact id: '3696c1d7279d66cadb91f6ca0199d1f5') in 0.564382 seconds 
========================================================================
Received Import Request.
  Time since last request: 71.409120 seconds.
  path: Assets/ConquerorPrefabs/RO/Aseprite/ROBaseAnimationsWithLedgeAttack.png
  artifactKey: Guid(2206eb0544312ad4cbbce615baa122e8) Importer(815301076,1909f56bfc062723c751e8b465ee728b)
Start importing Assets/ConquerorPrefabs/RO/Aseprite/ROBaseAnimationsWithLedgeAttack.png using Guid(2206eb0544312ad4cbbce615baa122e8) Importer(815301076,1909f56bfc062723c751e8b465ee728b)  -> (artifact id: 'dfd73d79b8c9de6775967cecf0883609') in 0.575414 seconds 
========================================================================
Received Import Request.
  Time since last request: 9.926766 seconds.
  path: Assets/ConquerorPrefabs/RO/Aseprite/ROBaseAnimationsWithLedgeAttack.png
  artifactKey: Guid(2206eb0544312ad4cbbce615baa122e8) Importer(815301076,1909f56bfc062723c751e8b465ee728b)
Start importing Assets/ConquerorPrefabs/RO/Aseprite/ROBaseAnimationsWithLedgeAttack.png using Guid(2206eb0544312ad4cbbce615baa122e8) Importer(815301076,1909f56bfc062723c751e8b465ee728b)  -> (artifact id: 'd0d4c86ae4575d902558868bfb1d1c60') in 0.441659 seconds 
========================================================================
Received Import Request.
  Time since last request: 108.071604 seconds.
  path: Assets/ConquerorPrefabs/RO/Aseprite/ROBaseAnimationsWithLedgeAttack.png
  artifactKey: Guid(2206eb0544312ad4cbbce615baa122e8) Importer(815301076,1909f56bfc062723c751e8b465ee728b)
Start importing Assets/ConquerorPrefabs/RO/Aseprite/ROBaseAnimationsWithLedgeAttack.png using Guid(2206eb0544312ad4cbbce615baa122e8) Importer(815301076,1909f56bfc062723c751e8b465ee728b)  -> (artifact id: 'a83aaa3690063e082112d554305ec06d') in 0.388774 seconds 
========================================================================
Received Import Request.
  Time since last request: 3.983559 seconds.
  path: Assets/ConquerorPrefabs/RO/Aseprite/ROBaseAnimationsWithLedgeAttack.png
  artifactKey: Guid(2206eb0544312ad4cbbce615baa122e8) Importer(815301076,1909f56bfc062723c751e8b465ee728b)
Start importing Assets/ConquerorPrefabs/RO/Aseprite/ROBaseAnimationsWithLedgeAttack.png using Guid(2206eb0544312ad4cbbce615baa122e8) Importer(815301076,1909f56bfc062723c751e8b465ee728b)  -> (artifact id: '57afff19bd67d1e118a170d5b99d4b89') in 0.475634 seconds 
========================================================================
Received Import Request.
  Time since last request: 4.268642 seconds.
  path: Assets/ConquerorPrefabs/RO/Aseprite/ROBaseAnimationsWithLedgeAttack.png
  artifactKey: Guid(2206eb0544312ad4cbbce615baa122e8) Importer(815301076,1909f56bfc062723c751e8b465ee728b)
Start importing Assets/ConquerorPrefabs/RO/Aseprite/ROBaseAnimationsWithLedgeAttack.png using Guid(2206eb0544312ad4cbbce615baa122e8) Importer(815301076,1909f56bfc062723c751e8b465ee728b)  -> (artifact id: '9d28c107d27dc2e0aa0338984f8b4c21') in 0.509312 seconds 
========================================================================
Received Import Request.
  Time since last request: 4.148559 seconds.
  path: Assets/ConquerorPrefabs/RO/Aseprite/ROBaseAnimationsWithLedgeAttack.png
  artifactKey: Guid(2206eb0544312ad4cbbce615baa122e8) Importer(815301076,1909f56bfc062723c751e8b465ee728b)
Start importing Assets/ConquerorPrefabs/RO/Aseprite/ROBaseAnimationsWithLedgeAttack.png using Guid(2206eb0544312ad4cbbce615baa122e8) Importer(815301076,1909f56bfc062723c751e8b465ee728b)  -> (artifact id: '8e11a2204f7172fcb266c725f23d2424') in 0.421036 seconds 
========================================================================
Received Import Request.
  Time since last request: 1302.487300 seconds.
  path: Assets/Prototype Hero - Pixel Art/Animations/Prototype Hero/Crouch.anim
  artifactKey: Guid(dd82fc16a738b1d49a23e4dfaaf968bb) Importer(815301076,1909f56bfc062723c751e8b465ee728b)
Start importing Assets/Prototype Hero - Pixel Art/Animations/Prototype Hero/Crouch.anim using Guid(dd82fc16a738b1d49a23e4dfaaf968bb) Importer(815301076,1909f56bfc062723c751e8b465ee728b)  -> (artifact id: 'f21575495d631ba298c26c1a8d3d152a') in 0.012518 seconds 
========================================================================
Received Import Request.
  Time since last request: 91.283426 seconds.
  path: Assets/ConquerorPrefabs/RO/Aseprite/ROCrouch.anim
  artifactKey: Guid(9f5c933b81b5785418ae1f5f9f472c31) Importer(815301076,1909f56bfc062723c751e8b465ee728b)
Start importing Assets/ConquerorPrefabs/RO/Aseprite/ROCrouch.anim using Guid(9f5c933b81b5785418ae1f5f9f472c31) Importer(815301076,1909f56bfc062723c751e8b465ee728b)  -> (artifact id: '04f3b1ea42e3a755eb9ba10f8524a140') in 0.011865 seconds 
========================================================================
Received Prepare
Registering precompiled user dll's ...
Registered in 0.005394 seconds.
Begin MonoManager ReloadAssembly
Native extension for WindowsStandalone target not found
Refreshing native plugins compatible for Editor in 1.73 ms, found 2 plugins.
Preloading 0 native plugins for Editor in 0.00 ms.
Mono: successfully reloaded assembly
- Completed reload, in  1.533 seconds
Platform modules already initialized, skipping
OnLevelWasLoaded was found on Fading
This message has been deprecated and will be removed in a later version of Unity.
Add a delegate to SceneManager.sceneLoaded instead to get notifications after scene loading has completed

Shader 'Universal Render Pipeline/Particles/Lit': fallback shader 'Universal Render Pipeline/Particles/SimpleLit' not found
Refreshing native plugins compatible for Editor in 1.74 ms, found 2 plugins.
Preloading 0 native plugins for Editor in 0.00 ms.
Unloading 4931 Unused Serialized files (Serialized files now loaded: 0)
System memory in use before: 240.6 MB.
System memory in use after: 240.9 MB.

Unloading 16 unused Assets to reduce memory usage. Loaded Objects now: 6078.
Total: 3.584800 ms (FindLiveObjects: 0.494300 ms CreateObjectMapping: 0.143300 ms MarkObjects: 2.789700 ms  DeleteObjects: 0.156600 ms)

========================================================================
Received Prepare
Registering precompiled user dll's ...
Registered in 0.005227 seconds.
Begin MonoManager ReloadAssembly
Native extension for WindowsStandalone target not found
Refreshing native plugins compatible for Editor in 1.81 ms, found 2 plugins.
Preloading 0 native plugins for Editor in 0.00 ms.
Mono: successfully reloaded assembly
- Completed reload, in  1.469 seconds
Platform modules already initialized, skipping
OnLevelWasLoaded was found on Fading
This message has been deprecated and will be removed in a later version of Unity.
Add a delegate to SceneManager.sceneLoaded instead to get notifications after scene loading has completed

Shader 'Universal Render Pipeline/Particles/Lit': fallback shader 'Universal Render Pipeline/Particles/SimpleLit' not found
Refreshing native plugins compatible for Editor in 1.74 ms, found 2 plugins.
Preloading 0 native plugins for Editor in 0.00 ms.
Unloading 4930 Unused Serialized files (Serialized files now loaded: 0)
System memory in use before: 240.6 MB.
System memory in use after: 241.0 MB.

Unloading 16 unused Assets to reduce memory usage. Loaded Objects now: 6082.
Total: 3.647500 ms (FindLiveObjects: 0.517200 ms CreateObjectMapping: 0.151500 ms MarkObjects: 2.817500 ms  DeleteObjects: 0.159800 ms)

========================================================================
Received Import Request.
  Time since last request: 390.606011 seconds.
  path: Assets/Resources/RagingOrc.prefab
  artifactKey: Guid(849da11aab114af47a1f5e1d095d70f8) Importer(815301076,1909f56bfc062723c751e8b465ee728b)
Start importing Assets/Resources/RagingOrc.prefab using Guid(849da11aab114af47a1f5e1d095d70f8) Importer(815301076,1909f56bfc062723c751e8b465ee728b)  -> (artifact id: '9c26968747c428251a28fd7f6dd17af1') in 0.416835 seconds 
========================================================================
Received Import Request.
  Time since last request: 9.487202 seconds.
  path: Assets/Resources/RagingOrc.prefab
  artifactKey: Guid(849da11aab114af47a1f5e1d095d70f8) Importer(815301076,1909f56bfc062723c751e8b465ee728b)
Start importing Assets/Resources/RagingOrc.prefab using Guid(849da11aab114af47a1f5e1d095d70f8) Importer(815301076,1909f56bfc062723c751e8b465ee728b)  -> (artifact id: '2078a8934e514f8da388f50f6eb7e962') in 0.080087 seconds 
========================================================================
Received Import Request.
  Time since last request: 35.539633 seconds.
  path: Assets/Resources/RagingOrc.prefab
  artifactKey: Guid(849da11aab114af47a1f5e1d095d70f8) Importer(815301076,1909f56bfc062723c751e8b465ee728b)
Start importing Assets/Resources/RagingOrc.prefab using Guid(849da11aab114af47a1f5e1d095d70f8) Importer(815301076,1909f56bfc062723c751e8b465ee728b)  -> (artifact id: '5bd44f132ed439bcd5057f93784a6054') in 0.075549 seconds 
========================================================================
Received Import Request.
  Time since last request: 10.458925 seconds.
  path: Assets/Resources/RagingOrc.prefab
  artifactKey: Guid(849da11aab114af47a1f5e1d095d70f8) Importer(815301076,1909f56bfc062723c751e8b465ee728b)
Start importing Assets/Resources/RagingOrc.prefab using Guid(849da11aab114af47a1f5e1d095d70f8) Importer(815301076,1909f56bfc062723c751e8b465ee728b)  -> (artifact id: '654600bbca6f3da6e70df10f8252dccb') in 0.078793 seconds 
========================================================================
Received Import Request.
  Time since last request: 5.624996 seconds.
  path: Assets/Resources/RagingOrc.prefab
  artifactKey: Guid(849da11aab114af47a1f5e1d095d70f8) Importer(815301076,1909f56bfc062723c751e8b465ee728b)
Start importing Assets/Resources/RagingOrc.prefab using Guid(849da11aab114af47a1f5e1d095d70f8) Importer(815301076,1909f56bfc062723c751e8b465ee728b)  -> (artifact id: 'daa128134f8c0ce1d7582972f95a574b') in 0.075222 seconds 
========================================================================
Received Import Request.
  Time since last request: 3.940093 seconds.
  path: Assets/Resources/RagingOrc.prefab
  artifactKey: Guid(849da11aab114af47a1f5e1d095d70f8) Importer(815301076,1909f56bfc062723c751e8b465ee728b)
Start importing Assets/Resources/RagingOrc.prefab using Guid(849da11aab114af47a1f5e1d095d70f8) Importer(815301076,1909f56bfc062723c751e8b465ee728b)  -> (artifact id: 'c7fac248a21126306890bb9b864641e1') in 0.078658 seconds 
========================================================================
Received Import Request.
  Time since last request: 3.646985 seconds.
  path: Assets/Resources/RagingOrc.prefab
  artifactKey: Guid(849da11aab114af47a1f5e1d095d70f8) Importer(815301076,1909f56bfc062723c751e8b465ee728b)
Start importing Assets/Resources/RagingOrc.prefab using Guid(849da11aab114af47a1f5e1d095d70f8) Importer(815301076,1909f56bfc062723c751e8b465ee728b)  -> (artifact id: '450f49f6cc9379b4fc820b95089ce796') in 0.173955 seconds 
========================================================================
Received Import Request.
  Time since last request: 4.778700 seconds.
  path: Assets/Resources/RagingOrc.prefab
  artifactKey: Guid(849da11aab114af47a1f5e1d095d70f8) Importer(815301076,1909f56bfc062723c751e8b465ee728b)
Start importing Assets/Resources/RagingOrc.prefab using Guid(849da11aab114af47a1f5e1d095d70f8) Importer(815301076,1909f56bfc062723c751e8b465ee728b)  -> (artifact id: '631f9685252f926d9dddf8df5f9a7098') in 0.075486 seconds 
========================================================================
Received Import Request.
  Time since last request: 3.944305 seconds.
  path: Assets/Resources/RagingOrc.prefab
  artifactKey: Guid(849da11aab114af47a1f5e1d095d70f8) Importer(815301076,1909f56bfc062723c751e8b465ee728b)
Start importing Assets/Resources/RagingOrc.prefab using Guid(849da11aab114af47a1f5e1d095d70f8) Importer(815301076,1909f56bfc062723c751e8b465ee728b)  -> (artifact id: '4ecdf87b0cda9248b688b7c61d7ef786') in 0.081677 seconds 
========================================================================
Received Import Request.
  Time since last request: 2.410009 seconds.
  path: Assets/Resources/RagingOrc.prefab
  artifactKey: Guid(849da11aab114af47a1f5e1d095d70f8) Importer(815301076,1909f56bfc062723c751e8b465ee728b)
Start importing Assets/Resources/RagingOrc.prefab using Guid(849da11aab114af47a1f5e1d095d70f8) Importer(815301076,1909f56bfc062723c751e8b465ee728b)  -> (artifact id: '347d44e8c61f841a10a43e040fcf3dcc') in 0.078715 seconds 
========================================================================
Received Import Request.
  Time since last request: 2.414716 seconds.
  path: Assets/Resources/RagingOrc.prefab
  artifactKey: Guid(849da11aab114af47a1f5e1d095d70f8) Importer(815301076,1909f56bfc062723c751e8b465ee728b)
Start importing Assets/Resources/RagingOrc.prefab using Guid(849da11aab114af47a1f5e1d095d70f8) Importer(815301076,1909f56bfc062723c751e8b465ee728b)  -> (artifact id: 'fac5a1ff78a0bcc7bdcef4b4c8381974') in 0.070835 seconds 
========================================================================
Received Import Request.
  Time since last request: 24.950875 seconds.
  path: Assets/Resources/RagingOrc.prefab
  artifactKey: Guid(849da11aab114af47a1f5e1d095d70f8) Importer(815301076,1909f56bfc062723c751e8b465ee728b)
Start importing Assets/Resources/RagingOrc.prefab using Guid(849da11aab114af47a1f5e1d095d70f8) Importer(815301076,1909f56bfc062723c751e8b465ee728b)  -> (artifact id: '3950c251304ad6bd5fef0517272ae64d') in 0.079238 seconds 
========================================================================
Received Import Request.
  Time since last request: 2.712618 seconds.
  path: Assets/Resources/RagingOrc.prefab
  artifactKey: Guid(849da11aab114af47a1f5e1d095d70f8) Importer(815301076,1909f56bfc062723c751e8b465ee728b)
Start importing Assets/Resources/RagingOrc.prefab using Guid(849da11aab114af47a1f5e1d095d70f8) Importer(815301076,1909f56bfc062723c751e8b465ee728b)  -> (artifact id: '5718edad3b681f7693aa0bb1fe030cdd') in 0.070742 seconds 
========================================================================
Received Import Request.
  Time since last request: 3.771664 seconds.
  path: Assets/Resources/RagingOrc.prefab
  artifactKey: Guid(849da11aab114af47a1f5e1d095d70f8) Importer(815301076,1909f56bfc062723c751e8b465ee728b)
Start importing Assets/Resources/RagingOrc.prefab using Guid(849da11aab114af47a1f5e1d095d70f8) Importer(815301076,1909f56bfc062723c751e8b465ee728b)  -> (artifact id: '76085b49374ec667926b925f14291bd7') in 0.072873 seconds 
========================================================================
Received Import Request.
  Time since last request: 2.918927 seconds.
  path: Assets/Resources/RagingOrc.prefab
  artifactKey: Guid(849da11aab114af47a1f5e1d095d70f8) Importer(815301076,1909f56bfc062723c751e8b465ee728b)
Start importing Assets/Resources/RagingOrc.prefab using Guid(849da11aab114af47a1f5e1d095d70f8) Importer(815301076,1909f56bfc062723c751e8b465ee728b)  -> (artifact id: '723758be90fbbaa6b7981e783a0952c0') in 0.077662 seconds 
========================================================================
Received Import Request.
  Time since last request: 78.910121 seconds.
  path: Assets/Resources/RagingOrc.prefab
  artifactKey: Guid(849da11aab114af47a1f5e1d095d70f8) Importer(815301076,1909f56bfc062723c751e8b465ee728b)
Start importing Assets/Resources/RagingOrc.prefab using Guid(849da11aab114af47a1f5e1d095d70f8) Importer(815301076,1909f56bfc062723c751e8b465ee728b)  -> (artifact id: '5daac887338e20862f7d949fd09eb6c8') in 0.078336 seconds 
========================================================================
Received Import Request.
  Time since last request: 201.615761 seconds.
  path: Assets/Resources/RagingOrc.prefab
  artifactKey: Guid(849da11aab114af47a1f5e1d095d70f8) Importer(815301076,1909f56bfc062723c751e8b465ee728b)
Start importing Assets/Resources/RagingOrc.prefab using Guid(849da11aab114af47a1f5e1d095d70f8) Importer(815301076,1909f56bfc062723c751e8b465ee728b)  -> (artifact id: '2dbaa48fb9edf9115d84e894076beec8') in 0.079198 seconds 
========================================================================
Received Import Request.
  Time since last request: 84.155622 seconds.
  path: Assets/Prototype Hero - Pixel Art/Demo/Prefabs/CPU.prefab
  artifactKey: Guid(c0c4e99fe3c2f054298da3b00cf03dd9) Importer(815301076,1909f56bfc062723c751e8b465ee728b)
Start importing Assets/Prototype Hero - Pixel Art/Demo/Prefabs/CPU.prefab using Guid(c0c4e99fe3c2f054298da3b00cf03dd9) Importer(815301076,1909f56bfc062723c751e8b465ee728b)  -> (artifact id: 'd41ea57a7f542725a189e97f12340c5c') in 0.186385 seconds 
========================================================================
Received Import Request.
  Time since last request: 0.000279 seconds.
  path: Assets/Prototype Hero - Pixel Art/Demo/Prefabs/Green.prefab
  artifactKey: Guid(37e3472c45a521542b8fcf773563f665) Importer(815301076,1909f56bfc062723c751e8b465ee728b)
Start importing Assets/Prototype Hero - Pixel Art/Demo/Prefabs/Green.prefab using Guid(37e3472c45a521542b8fcf773563f665) Importer(815301076,1909f56bfc062723c751e8b465ee728b)  -> (artifact id: '3e2e78c860971042e63d4e5fc62db718') in 0.021027 seconds 
========================================================================
Received Import Request.
  Time since last request: 0.005013 seconds.
  path: Assets/Prototype Hero - Pixel Art/Demo/Prefabs/Red.prefab
  artifactKey: Guid(2abfc59723d9cee44bce3fe32b9a09a5) Importer(815301076,1909f56bfc062723c751e8b465ee728b)
Start importing Assets/Prototype Hero - Pixel Art/Demo/Prefabs/Red.prefab using Guid(2abfc59723d9cee44bce3fe32b9a09a5) Importer(815301076,1909f56bfc062723c751e8b465ee728b)  -> (artifact id: 'af166d2889363ecaf8328b34e19283a2') in 0.034346 seconds 
========================================================================
Received Import Request.
  Time since last request: 331.543492 seconds.
  path: ProjectSettings/TagManager.asset
  artifactKey: Guid(00000000000000003000000000000000) Importer(815301076,1909f56bfc062723c751e8b465ee728b)
Start importing ProjectSettings/TagManager.asset using Guid(00000000000000003000000000000000) Importer(815301076,1909f56bfc062723c751e8b465ee728b)  -> (artifact id: '9b5c357c7ae056181fd5dc99d70e2205') in 0.012896 seconds 
========================================================================
Received Prepare
Registering precompiled user dll's ...
Registered in 0.005412 seconds.
Begin MonoManager ReloadAssembly
Native extension for WindowsStandalone target not found
Refreshing native plugins compatible for Editor in 1.83 ms, found 2 plugins.
Preloading 0 native plugins for Editor in 0.00 ms.
Mono: successfully reloaded assembly
- Completed reload, in  1.460 seconds
Platform modules already initialized, skipping
OnLevelWasLoaded was found on Fading
This message has been deprecated and will be removed in a later version of Unity.
Add a delegate to SceneManager.sceneLoaded instead to get notifications after scene loading has completed

Shader 'Universal Render Pipeline/Particles/Lit': fallback shader 'Universal Render Pipeline/Particles/SimpleLit' not found
Refreshing native plugins compatible for Editor in 1.78 ms, found 2 plugins.
Preloading 0 native plugins for Editor in 0.00 ms.
Unloading 4930 Unused Serialized files (Serialized files now loaded: 0)
System memory in use before: 243.3 MB.
System memory in use after: 243.7 MB.

Unloading 18 unused Assets to reduce memory usage. Loaded Objects now: 6131.
Total: 4.419400 ms (FindLiveObjects: 0.501500 ms CreateObjectMapping: 0.139900 ms MarkObjects: 3.603600 ms  DeleteObjects: 0.173100 ms)

========================================================================
Received Prepare
Registering precompiled user dll's ...
Registered in 0.005356 seconds.
Begin MonoManager ReloadAssembly
Native extension for WindowsStandalone target not found
Refreshing native plugins compatible for Editor in 1.84 ms, found 2 plugins.
Preloading 0 native plugins for Editor in 0.00 ms.
Mono: successfully reloaded assembly
- Completed reload, in  1.410 seconds
Platform modules already initialized, skipping
OnLevelWasLoaded was found on Fading
This message has been deprecated and will be removed in a later version of Unity.
Add a delegate to SceneManager.sceneLoaded instead to get notifications after scene loading has completed

Shader 'Universal Render Pipeline/Particles/Lit': fallback shader 'Universal Render Pipeline/Particles/SimpleLit' not found
Refreshing native plugins compatible for Editor in 1.75 ms, found 2 plugins.
Preloading 0 native plugins for Editor in 0.00 ms.
Unloading 4930 Unused Serialized files (Serialized files now loaded: 0)
System memory in use before: 243.3 MB.
System memory in use after: 243.7 MB.

Unloading 16 unused Assets to reduce memory usage. Loaded Objects now: 6135.
Total: 3.958000 ms (FindLiveObjects: 0.594600 ms CreateObjectMapping: 0.167100 ms MarkObjects: 3.029700 ms  DeleteObjects: 0.165600 ms)

========================================================================
Received Prepare
Registering precompiled user dll's ...
Registered in 0.005189 seconds.
Begin MonoManager ReloadAssembly
Native extension for WindowsStandalone target not found
Refreshing native plugins compatible for Editor in 1.74 ms, found 2 plugins.
Preloading 0 native plugins for Editor in 0.00 ms.
Mono: successfully reloaded assembly
- Completed reload, in  1.401 seconds
Platform modules already initialized, skipping
OnLevelWasLoaded was found on Fading
This message has been deprecated and will be removed in a later version of Unity.
Add a delegate to SceneManager.sceneLoaded instead to get notifications after scene loading has completed

Shader 'Universal Render Pipeline/Particles/Lit': fallback shader 'Universal Render Pipeline/Particles/SimpleLit' not found
Refreshing native plugins compatible for Editor in 1.92 ms, found 2 plugins.
Preloading 0 native plugins for Editor in 0.00 ms.
Unloading 4930 Unused Serialized files (Serialized files now loaded: 0)
System memory in use before: 243.1 MB.
System memory in use after: 243.5 MB.

Unloading 16 unused Assets to reduce memory usage. Loaded Objects now: 6139.
Total: 3.911700 ms (FindLiveObjects: 0.509200 ms CreateObjectMapping: 0.156200 ms MarkObjects: 3.082300 ms  DeleteObjects: 0.162700 ms)

========================================================================
Received Import Request.
  Time since last request: 516.353041 seconds.
  path: Assets/Resources/RagingOrc.prefab
  artifactKey: Guid(849da11aab114af47a1f5e1d095d70f8) Importer(815301076,1909f56bfc062723c751e8b465ee728b)
Start importing Assets/Resources/RagingOrc.prefab using Guid(849da11aab114af47a1f5e1d095d70f8) Importer(815301076,1909f56bfc062723c751e8b465ee728b)  -> (artifact id: '50d4ffd9184fb03221b36aaee2653faa') in 0.319110 seconds 
========================================================================
Received Prepare
Registering precompiled user dll's ...
Registered in 0.006857 seconds.
Begin MonoManager ReloadAssembly
Native extension for WindowsStandalone target not found
Refreshing native plugins compatible for Editor in 1.81 ms, found 2 plugins.
Preloading 0 native plugins for Editor in 0.00 ms.
Mono: successfully reloaded assembly
- Completed reload, in  1.436 seconds
Platform modules already initialized, skipping
OnLevelWasLoaded was found on Fading
This message has been deprecated and will be removed in a later version of Unity.
Add a delegate to SceneManager.sceneLoaded instead to get notifications after scene loading has completed

Shader 'Universal Render Pipeline/Particles/Lit': fallback shader 'Universal Render Pipeline/Particles/SimpleLit' not found
Refreshing native plugins compatible for Editor in 1.82 ms, found 2 plugins.
Preloading 0 native plugins for Editor in 0.00 ms.
Unloading 4930 Unused Serialized files (Serialized files now loaded: 0)
System memory in use before: 243.4 MB.
System memory in use after: 243.8 MB.

Unloading 17 unused Assets to reduce memory usage. Loaded Objects now: 6181.
Total: 4.801200 ms (FindLiveObjects: 0.512900 ms CreateObjectMapping: 0.147900 ms MarkObjects: 3.923300 ms  DeleteObjects: 0.215900 ms)

========================================================================
Received Prepare
Registering precompiled user dll's ...
Registered in 0.005605 seconds.
Begin MonoManager ReloadAssembly
Native extension for WindowsStandalone target not found
Refreshing native plugins compatible for Editor in 1.70 ms, found 2 plugins.
Preloading 0 native plugins for Editor in 0.00 ms.
Mono: successfully reloaded assembly
- Completed reload, in  1.370 seconds
Platform modules already initialized, skipping
OnLevelWasLoaded was found on Fading
This message has been deprecated and will be removed in a later version of Unity.
Add a delegate to SceneManager.sceneLoaded instead to get notifications after scene loading has completed

Shader 'Universal Render Pipeline/Particles/Lit': fallback shader 'Universal Render Pipeline/Particles/SimpleLit' not found
Refreshing native plugins compatible for Editor in 1.81 ms, found 2 plugins.
Preloading 0 native plugins for Editor in 0.00 ms.
Unloading 4930 Unused Serialized files (Serialized files now loaded: 0)
System memory in use before: 243.4 MB.
System memory in use after: 243.8 MB.

Unloading 16 unused Assets to reduce memory usage. Loaded Objects now: 6185.
Total: 4.216100 ms (FindLiveObjects: 0.511700 ms CreateObjectMapping: 0.181800 ms MarkObjects: 3.300000 ms  DeleteObjects: 0.221100 ms)

========================================================================
Received Import Request.
  Time since last request: 215.204777 seconds.
  path: Assets/Resources/RagingOrc.prefab
  artifactKey: Guid(849da11aab114af47a1f5e1d095d70f8) Importer(815301076,1909f56bfc062723c751e8b465ee728b)
Start importing Assets/Resources/RagingOrc.prefab using Guid(849da11aab114af47a1f5e1d095d70f8) Importer(815301076,1909f56bfc062723c751e8b465ee728b)  -> (artifact id: '87d32b5d4190990ae5b877c89b8ee141') in 0.293190 seconds 
========================================================================
Received Prepare
Registering precompiled user dll's ...
Registered in 0.008653 seconds.
Begin MonoManager ReloadAssembly
Native extension for WindowsStandalone target not found
Refreshing native plugins compatible for Editor in 1.81 ms, found 2 plugins.
Preloading 0 native plugins for Editor in 0.00 ms.
Mono: successfully reloaded assembly
- Completed reload, in  1.417 seconds
Platform modules already initialized, skipping
OnLevelWasLoaded was found on Fading
This message has been deprecated and will be removed in a later version of Unity.
Add a delegate to SceneManager.sceneLoaded instead to get notifications after scene loading has completed

Shader 'Universal Render Pipeline/Particles/Lit': fallback shader 'Universal Render Pipeline/Particles/SimpleLit' not found
Refreshing native plugins compatible for Editor in 1.75 ms, found 2 plugins.
Preloading 0 native plugins for Editor in 0.00 ms.
Unloading 4930 Unused Serialized files (Serialized files now loaded: 0)
System memory in use before: 243.5 MB.
System memory in use after: 243.8 MB.

Unloading 17 unused Assets to reduce memory usage. Loaded Objects now: 6227.
Total: 3.835900 ms (FindLiveObjects: 0.510400 ms CreateObjectMapping: 0.143100 ms MarkObjects: 3.017100 ms  DeleteObjects: 0.164300 ms)

========================================================================
Received Import Request.
  Time since last request: 272.617101 seconds.
  path: Assets/Resources/RagingOrc.prefab
  artifactKey: Guid(849da11aab114af47a1f5e1d095d70f8) Importer(815301076,1909f56bfc062723c751e8b465ee728b)
Start importing Assets/Resources/RagingOrc.prefab using Guid(849da11aab114af47a1f5e1d095d70f8) Importer(815301076,1909f56bfc062723c751e8b465ee728b)  -> (artifact id: '2021b526738f8793c92d9677436ad44a') in 0.298224 seconds 
========================================================================
Received Import Request.
  Time since last request: 7.565440 seconds.
  path: Assets/Resources/RagingOrc.prefab
  artifactKey: Guid(849da11aab114af47a1f5e1d095d70f8) Importer(815301076,1909f56bfc062723c751e8b465ee728b)
Start importing Assets/Resources/RagingOrc.prefab using Guid(849da11aab114af47a1f5e1d095d70f8) Importer(815301076,1909f56bfc062723c751e8b465ee728b)  -> (artifact id: '6bf75e3344f720f28be0bcedba85be56') in 0.106843 seconds 
========================================================================
Received Import Request.
  Time since last request: 17.848599 seconds.
  path: Assets/Resources/RagingOrc.prefab
  artifactKey: Guid(849da11aab114af47a1f5e1d095d70f8) Importer(815301076,1909f56bfc062723c751e8b465ee728b)
Start importing Assets/Resources/RagingOrc.prefab using Guid(849da11aab114af47a1f5e1d095d70f8) Importer(815301076,1909f56bfc062723c751e8b465ee728b)  -> (artifact id: '4ebabe12a4c003ea6772f05cd5ad2645') in 0.079623 seconds 
========================================================================
Received Import Request.
  Time since last request: 3.854468 seconds.
  path: Assets/Resources/RagingOrc.prefab
  artifactKey: Guid(849da11aab114af47a1f5e1d095d70f8) Importer(815301076,1909f56bfc062723c751e8b465ee728b)
Start importing Assets/Resources/RagingOrc.prefab using Guid(849da11aab114af47a1f5e1d095d70f8) Importer(815301076,1909f56bfc062723c751e8b465ee728b)  -> (artifact id: '68ec6d34915f647f68756c98e889bddc') in 0.074064 seconds 
========================================================================
Received Import Request.
  Time since last request: 21.624215 seconds.
  path: Assets/Resources/RagingOrc.prefab
  artifactKey: Guid(849da11aab114af47a1f5e1d095d70f8) Importer(815301076,1909f56bfc062723c751e8b465ee728b)
Start importing Assets/Resources/RagingOrc.prefab using Guid(849da11aab114af47a1f5e1d095d70f8) Importer(815301076,1909f56bfc062723c751e8b465ee728b)  -> (artifact id: '39bc70c2d99c996831329284f9930a8e') in 0.078496 seconds 
========================================================================
Received Import Request.
  Time since last request: 3.830627 seconds.
  path: Assets/Resources/RagingOrc.prefab
  artifactKey: Guid(849da11aab114af47a1f5e1d095d70f8) Importer(815301076,1909f56bfc062723c751e8b465ee728b)
Start importing Assets/Resources/RagingOrc.prefab using Guid(849da11aab114af47a1f5e1d095d70f8) Importer(815301076,1909f56bfc062723c751e8b465ee728b)  -> (artifact id: '6e076b8c9e7a7ea6056b704b196070d0') in 0.093973 seconds 
========================================================================
Received Import Request.
  Time since last request: 10.254681 seconds.
  path: Assets/Resources/TheChampion.prefab
  artifactKey: Guid(8d862a74bcbdf704b8731c6495d61070) Importer(815301076,1909f56bfc062723c751e8b465ee728b)
Start importing Assets/Resources/TheChampion.prefab using Guid(8d862a74bcbdf704b8731c6495d61070) Importer(815301076,1909f56bfc062723c751e8b465ee728b)  -> (artifact id: '25e965e394131b627997e12fbcb0b2ee') in 0.062737 seconds 
========================================================================
Received Prepare
Registering precompiled user dll's ...
Registered in 0.005253 seconds.
Begin MonoManager ReloadAssembly
Native extension for WindowsStandalone target not found
Refreshing native plugins compatible for Editor in 2.66 ms, found 2 plugins.
Preloading 0 native plugins for Editor in 0.00 ms.
Mono: successfully reloaded assembly
- Completed reload, in  1.499 seconds
Platform modules already initialized, skipping
OnLevelWasLoaded was found on Fading
This message has been deprecated and will be removed in a later version of Unity.
Add a delegate to SceneManager.sceneLoaded instead to get notifications after scene loading has completed

Shader 'Universal Render Pipeline/Particles/Lit': fallback shader 'Universal Render Pipeline/Particles/SimpleLit' not found
Refreshing native plugins compatible for Editor in 1.73 ms, found 2 plugins.
Preloading 0 native plugins for Editor in 0.00 ms.
Unloading 4930 Unused Serialized files (Serialized files now loaded: 0)
System memory in use before: 243.6 MB.
System memory in use after: 244.0 MB.

Unloading 17 unused Assets to reduce memory usage. Loaded Objects now: 6269.
Total: 3.999000 ms (FindLiveObjects: 0.506900 ms CreateObjectMapping: 0.141400 ms MarkObjects: 3.173400 ms  DeleteObjects: 0.175900 ms)

========================================================================
Received Import Request.
  Time since last request: 87.566925 seconds.
  path: Assets/Resources/RagingOrc.prefab
  artifactKey: Guid(849da11aab114af47a1f5e1d095d70f8) Importer(815301076,1909f56bfc062723c751e8b465ee728b)
Start importing Assets/Resources/RagingOrc.prefab using Guid(849da11aab114af47a1f5e1d095d70f8) Importer(815301076,1909f56bfc062723c751e8b465ee728b)  -> (artifact id: '5e49511e98ccf2410ac8c8f1829a30ad') in 0.296437 seconds 
